<?xml version="1.0" encoding="UTF-8"?>
<!-- Generated by org.testng.reporters.JUnitXMLReporter -->
<testsuite ignored="0" hostname="Navids-MacBook-Pro.local" failures="0" tests="3" name="Practice Page" time="14.792" errors="0" timestamp="16 May 2020 02:32:44 GMT">
  <testcase classname="page_objects_test.HerokuAppTest" name="openingTheFirstLink" time="3.692"/>
  <testcase classname="page_objects_test.HerokuAppTest" name="openingTheSecondLink" time="0.708"/>
  <testcase classname="page_objects_test.HerokuAppTest" name="openingTheThirdLink" time="0.674"/>
</testsuite> <!-- Practice Page -->
